
; 64tass Turbo Assembler Macro V1.53.1515 listing file
; 64tass -a -l ./target/mus-player.lbl -L ./target/mus-player.lst -o ./target/mus-player ./src/mus-player.asm
; Mon May 06 23:53:36 2019

;Offset	;Hex		;Monitor	;Source

;******  Processing input file: ./src/mus-player.asm

=$61					FAC1		= $61
=$0314					IRQVECT 	= $0314
=$d400					SID_BASE	= $D400
=$dc00					CIA1_BASE	= $DC00
=$d000					VICII_BASE	= $D000
=$ffd2					CHROUT		= $FFD2
=$ffba					SETLFS		= $FFBA
=$ffbd					SETNAM		= $FFBD
=$ffd5					LOAD		= $FFD5
=$ffc3					CLOSE		= $FFC3
=$ffe1					STOP		= $FFE1
=$02a7					path		= $02A7	; (72 char length)
=$105e					musicdata	= $105E
.c000					init:
.c000	a9 00		lda #$00			lda #$00
.c002	8d 20 d0	sta $d020			sta VICII_BASE + $20
.c005	8d 21 d0	sta $d021			sta VICII_BASE + $21
.c008	a0 00		ldy #$00			ldy #$00
.c00a	b9 25 cb	lda $cb25,y	loop0:	lda inittxt,y
.c00d	c9 00		cmp #$00			cmp #$00
.c00f	f0 07		beq $c018			beq printtitle
.c011	20 d2 ff	jsr $ffd2			jsr CHROUT
.c014	c8		iny				iny
.c015	4c 0a c0	jmp $c00a			jmp loop0
.c018					printtitle:
.c018	a0 00		ldy #$00			ldy #$00
.c01a	b9 85 cb	lda $cb85,y	loop5:	lda filename,y
.c01d	c9 00		cmp #$00			cmp #$00
.c01f	f0 07		beq $c028			beq printendtxt
.c021	20 d2 ff	jsr $ffd2			jsr CHROUT
.c024	c8		iny				iny
.c025	4c 1a c0	jmp $c01a			jmp loop5
.c028					printendtxt:
.c028	a0 00		ldy #$00			ldy #$00
.c02a	b9 82 cb	lda $cb82,y	loop6:	lda endtxt,y
.c02d	c9 00		cmp #$00			cmp #$00
.c02f	f0 07		beq $c038			beq playsong
.c031	20 d2 ff	jsr $ffd2			jsr CHROUT
.c034	c8		iny				iny
.c035	4c 2a c0	jmp $c02a			jmp loop6
.c038					playsong:
.c038	20 a3 c0	jsr $c0a3			jsr hook
.c03b	a9 01		lda #$01			lda #$01
.c03d	a2 08		ldx #$08			ldx #$08
.c03f	a0 00		ldy #$00			ldy #$00
.c041	20 ba ff	jsr $ffba			jsr SETLFS
.c044	a0 00		ldy #$00			ldy #$00
.c046	b9 85 cb	lda $cb85,y	loop1:	lda filename,y
.c049	c9 00		cmp #$00			cmp #$00
.c04b	f0 04		beq $c051			beq done1
.c04d	c8		iny				iny
.c04e	4c 46 c0	jmp $c046			jmp loop1
.c051					done1:
.c051	98		tya				tya				; filename length
.c052	a2 85		ldx #$85			ldx #<filename
.c054	a0 cb		ldy #$cb			ldy #>filename
.c056	20 bd ff	jsr $ffbd			jsr SETNAM		; SETNAM
.c059	a9 00		lda #$00			lda #$00
.c05b	a2 5e		ldx #$5e			ldx #<musicdata
.c05d	a0 10		ldy #$10			ldy #>musicdata
.c05f	20 d5 ff	jsr $ffd5			jsr LOAD		; LOAD
.c062	a9 01		lda #$01			lda #$01
.c064	20 c3 ff	jsr $ffc3			jsr CLOSE
.c067	a2 5e		ldx #$5e			ldx #$5e
.c069	a0 10		ldy #$10			ldy #$10
.c06b	20 d4 c0	jsr $c0d4			jsr set		; Setup routine
.c06e					disptxt:
.c06e	86 fb		stx $fb				stx $fb
.c070	84 fc		sty $fc				sty $fc
.c072	a0 00		ldy #$00			ldy #$00
.c074	a9 0d		lda #$0d			lda #$0d
.c076	20 d2 ff	jsr $ffd2			jsr CHROUT
.c079	b1 fb		lda ($fb),y	loop4	lda ($fb),y
.c07b	c9 00		cmp #$00			cmp #$00
.c07d	f0 07		beq $c086			beq startplaying
.c07f	20 d2 ff	jsr $ffd2			jsr CHROUT
.c082	c8		iny				iny
.c083	4c 79 c0	jmp $c079			jmp loop4
.c086					startplaying:
.c086	a9 07		lda #$07			lda #$07
.c088	8d 93 cb	sta $cb93			sta data
.c08b	20 e1 ff	jsr $ffe1	loop2:	jsr STOP
.c08e	d0 fb		bne $c08b			bne loop2
.c090	a9 00		lda #$00			lda #$00
.c092	8d 93 cb	sta $cb93			sta data		; silence the voices
.c095	20 bd c1	jsr $c1bd			jsr stopplaying
.c098	20 e3 c1	jsr $c1e3			jsr restore
.c09b	a9 05		lda #$05	quit:	lda #$05
.c09d	20 d2 ff	jsr $ffd2			jsr CHROUT
.c0a0	60		rts				rts
.c0a1	a0 00		ldy #$00			ldy #$00
.c0a3	a9 00		lda #$00	hook:	lda #$00
.c0a5	8d 93 cb	sta $cb93			sta data
.c0a8	a2 95		ldx #$95			ldx #$95
.c0aa	a0 42		ldy #$42			ldy #$42
.c0ac	ad a6 02	lda $02a6			lda $02a6
.c0af	f0 04		beq $c0b5			beq Lc1e1
.c0b1	a2 25		ldx #$25			ldx #$25
.c0b3	a0 40		ldy #$40			ldy #$40
.c0b5	8e ee cc	stx $ccee	Lc1e1:	stx data + $15b
.c0b8	8c ef cc	sty $ccef			sty data + $15c
.c0bb	ad 14 03	lda $0314			lda IRQVECT
.c0be	8d f0 cc	sta $ccf0			sta data + $15d
.c0c1	ad 15 03	lda $0315			lda IRQVECT+1
.c0c4	8d f1 cc	sta $ccf1			sta data + $15e
.c0c7	78		sei				sei
.c0c8	a9 fa		lda #$fa			lda #<newirq				; set up new IRQVECT
.c0ca	8d 14 03	sta $0314			sta IRQVECT
.c0cd	a9 c1		lda #$c1			lda #>newirq
.c0cf	8d 15 03	sta $0315			sta IRQVECT+1
.c0d2	58		cli				cli
.c0d3	60		rts				rts
.c0d4					Lc200:
.c0d4	a9 00		lda #$00	set:	lda #$00
.c0d6	8d 93 cb	sta $cb93			sta data
.c0d9	86 61		stx $61				stx FAC1
.c0db	84 62		sty $62				sty FAC1 + 1
.c0dd	a0 bc		ldy #$bc			ldy #$bc
.c0df	99 93 cb	sta $cb93,y	Lc20b:	sta data,y
.c0e2	88		dey				dey
.c0e3	d0 fa		bne $c0df			bne Lc20b
.c0e5	a0 72		ldy #$72			ldy #$72
.c0e7	99 4f cc	sta $cc4f,y	Lc213:	sta data + $bc,y
.c0ea	88		dey				dey
.c0eb	d0 fa		bne $c0e7			bne Lc213
.c0ed	8d 15 d4	sta $d415			sta SID_BASE + $15
.c0f0	8d 16 d4	sta $d416			sta SID_BASE + $16
.c0f3	a9 08		lda #$08			lda #$08
.c0f5	8d b8 cb	sta $cbb8			sta data + $25
.c0f8	8d 17 d4	sta $d417			sta SID_BASE + $17
.c0fb	8d b9 cb	sta $cbb9			sta data + $26
.c0fe	8d 18 d4	sta $d418			sta SID_BASE + $18
.c101	a9 90		lda #$90			lda #$90
.c103	8d ba cb	sta $cbba			sta data + $27
.c106	a9 60		lda #$60			lda #$60
.c108	8d bb cb	sta $cbbb			sta data + $28
.c10b	a9 0c		lda #$0c			lda #$0c
.c10d	8d bc cb	sta $cbbc			sta data + $29
.c110	ad ee cc	lda $ccee			lda data + $15b
.c113	8d c0 cb	sta $cbc0			sta data + $2d
.c116	ad ef cc	lda $ccef			lda data + $15c
.c119	8d c1 cb	sta $cbc1			sta data + $2e
.c11c	a9 ff		lda #$ff			lda #$ff
.c11e	8d 5f cc	sta $cc5f			sta data + $cc
.c121	a9 d4		lda #$d4			lda #$d4
.c123	85 64		sta $64				sta FAC1+3
.c125	a2 02		ldx #$02			ldx #$02
.c127	a9 ff		lda #$ff	Lc253:	lda #$ff
.c129	9d 9e cb	sta $cb9e,x			sta data + $0b,x
.c12c	a9 01		lda #$01			lda #$01
.c12e	9d c3 cb	sta $cbc3,x			sta data + $30,x
.c131	9d bd cb	sta $cbbd,x			sta data + $2a,x
.c134	8a		txa				txa
.c135	9d c6 cb	sta $cbc6,x			sta data + $33,x
.c138	9d 41 cc	sta $cc41,x			sta data + $ae,x
.c13b	a9 04		lda #$04			lda #$04
.c13d	9d cc cb	sta $cbcc,x			sta data + $39,x
.c140	bd 3b cd	lda $cd3b,x			lda data + $1a8,x
.c143	9d 4d cc	sta $cc4d,x			sta data + $ba,x
.c146	a9 5b		lda #$5b			lda #$5b
.c148	9d 11 cc	sta $cc11,x			sta data + $7e,x
.c14b	bd f8 cc	lda $ccf8,x			lda data + $165,x
.c14e	85 63		sta $63				sta FAC1+2
.c150	a9 00		lda #$00			lda #$00
.c152	a8		tay				tay
.c153	91 63		sta ($63),y			sta (FAC1+2),y
.c155	c8		iny				iny
.c156	91 63		sta ($63),y			sta (FAC1+2),y
.c158	c8		iny				iny
.c159	91 63		sta ($63),y			sta (FAC1+2),y
.c15b	a9 08		lda #$08			lda #$08
.c15d	9d aa cb	sta $cbaa,x			sta data + $17,x
.c160	9d 2f cc	sta $cc2f,x			sta data + $9c,x
.c163	c8		iny				iny
.c164	91 63		sta ($63),y			sta (FAC1+2),y
.c166	c8		iny				iny
.c167	91 63		sta ($63),y			sta (FAC1+2),y
.c169	a9 40		lda #$40			lda #$40
.c16b	9d ad cb	sta $cbad,x			sta data + $1a,x
.c16e	91 63		sta ($63),y			sta (FAC1+2),y
.c170	a9 20		lda #$20			lda #$20
.c172	9d b0 cb	sta $cbb0,x			sta data + $1d,x
.c175	c8		iny				iny
.c176	91 63		sta ($63),y			sta (FAC1+2),y
.c178	a9 f5		lda #$f5			lda #$f5
.c17a	9d b3 cb	sta $cbb3,x			sta data + $20,x
.c17d	c8		iny				iny
.c17e	91 63		sta ($63),y			sta (FAC1+2),y
.c180	ca		dex				dex
.c181	10 a4		bpl $c127			bpl Lc253
.c183	8a		txa				txa
.c184	a2 17		ldx #$17			ldx #$17
.c186	9d d1 cc	sta $ccd1,x	Lc2b2:	sta data + $13e,x
.c189	ca		dex				dex
.c18a	10 fa		bpl $c186			bpl Lc2b2
.c18c	a5 61		lda $61				lda FAC1
.c18e	18		clc				clc
.c18f	69 06		adc #$06			adc #$06
.c191	85 63		sta $63				sta FAC1+2
.c193	a9 00		lda #$00			lda #$00
.c195	aa		tax				tax
.c196	a8		tay				tay
.c197	65 62		adc $62				adc FAC1+1
.c199	85 64		sta $64		Lc2c5:	sta FAC1+3
.c19b	9d 3e cc	sta $cc3e,x			sta data + $ab,x
.c19e	9d 47 cc	sta $cc47,x			sta data + $b4,x
.c1a1	a5 63		lda $63				lda FAC1+2
.c1a3	9d 3b cc	sta $cc3b,x			sta data + $a8,x
.c1a6	9d 44 cc	sta $cc44,x			sta data + $b1,x
.c1a9	18		clc				clc
.c1aa	71 61		adc ($61),y			adc (FAC1),y
.c1ac	85 63		sta $63				sta FAC1+2
.c1ae	a5 64		lda $64				lda FAC1+3
.c1b0	c8		iny				iny
.c1b1	71 61		adc ($61),y			adc (FAC1),y
.c1b3	c8		iny				iny
.c1b4	e8		inx				inx
.c1b5	e0 03		cpx #$03			cpx #$03
.c1b7	d0 e0		bne $c199			bne Lc2c5
.c1b9	a6 63		ldx $63				ldx FAC1+2
.c1bb	a8		tay				tay
.c1bc	60		rts				rts
.c1bd					stopplaying:
.c1bd	a9 00		lda #$00			lda #$00
.c1bf	8d 04 d4	sta $d404			sta SID_BASE + $04
.c1c2	8d 0b d4	sta $d40b			sta SID_BASE + $0b
.c1c5	8d 12 d4	sta $d412			sta SID_BASE + $12
.c1c8	8d 01 d4	sta $d401			sta SID_BASE + $01
.c1cb	8d 08 d4	sta $d408			sta SID_BASE + $08
.c1ce	8d 0f d4	sta $d40f			sta SID_BASE + $0f
.c1d1	a9 08		lda #$08			lda #$08
.c1d3	8d 17 d4	sta $d417			sta SID_BASE + $17
.c1d6	ad ee cc	lda $ccee			lda data + $15b
.c1d9	8d 04 dc	sta $dc04			sta CIA1_BASE + $04
.c1dc	ad ef cc	lda $ccef			lda data + $15c
.c1df	8d 05 dc	sta $dc05			sta CIA1_BASE + $05
.c1e2	60		rts				rts
.c1e3					restore:
.c1e3	78		sei				sei
.c1e4	ad f0 cc	lda $ccf0			lda data + $15d
.c1e7	8d 14 03	sta $0314			sta IRQVECT
.c1ea	ad f1 cc	lda $ccf1			lda data + $15e
.c1ed	8d 15 03	sta $0315			sta IRQVECT + 1
.c1f0	58		cli				cli
.c1f1	60		rts				rts
.c1f2	a9 08		lda #$08	Lc31e:	lda #$08
.c1f4	8d 93 cb	sta $cb93			sta data
.c1f7	6c f0 cc	jmp ($ccf0)	cback:	jmp (data + $15d)
.c1fa					newirq:
.c1fa	ad 0d dc	lda $dc0d			lda CIA1_BASE + $0d		; new interrupt
.c1fd	ad 93 cb	lda $cb93			lda data
.c200	30 f0		bmi $c1f2			bmi Lc31e
.c202	09 80		ora #$80			ora #$80
.c204	a8		tay				tay
.c205	29 07		and #$07			and #$07
.c207	f0 ee		beq $c1f7			beq cback
.c209	d8		cld				cld
.c20a	8c 93 cb	sty $cb93			sty data
.c20d	58		cli				cli
.c20e	a5 fb		lda $fb				lda $fb
.c210	8d e9 cc	sta $cce9			sta data + $156
.c213	a5 fc		lda $fc				lda $fc
.c215	8d ea cc	sta $ccea			sta data + $157
.c218	a5 fd		lda $fd				lda $fd
.c21a	8d eb cc	sta $cceb			sta data + $158
.c21d	a5 fe		lda $fe				lda $fe
.c21f	8d ec cc	sta $ccec			sta data + $159
.c222	a5 ff		lda $ff				lda $ff
.c224	8d ed cc	sta $cced			sta data + $15a
.c227	ad b6 cb	lda $cbb6			lda data + $23
.c22a	18		clc				clc
.c22b	6d 6c cc	adc $cc6c			adc data + $d9
.c22e	48		pha				pha
.c22f	29 07		and #$07			and #$07
.c231	a8		tay				tay
.c232	ad 6f cc	lda $cc6f			lda data + $dc
.c235	69 00		adc #$00			adc #$00
.c237	85 ff		sta $ff				sta $ff
.c239	68		pla				pla
.c23a	46 ff		lsr $ff				lsr $ff
.c23c	6a		ror a				ror a
.c23d	46 ff		lsr $ff				lsr $ff
.c23f	6a		ror a				ror a
.c240	46 ff		lsr $ff				lsr $ff
.c242	6a		ror a				ror a
.c243	18		clc				clc
.c244	6d b7 cb	adc $cbb7			adc data + $24
.c247	8c 15 d4	sty $d415			sty SID_BASE + $15
.c24a	8d 16 d4	sta $d416			sta SID_BASE + $16
.c24d	ad b8 cb	lda $cbb8			lda data + $25
.c250	8d 17 d4	sta $d417			sta SID_BASE + $17
.c253	ad b9 cb	lda $cbb9			lda data + $26
.c256	8d 18 d4	sta $d418			sta SID_BASE + $18
.c259	a9 d4		lda #$d4			lda #$d4
.c25b	85 fc		sta $fc				sta $fc
.c25d	a2 00		ldx #$00			ldx #$00
.c25f	ad 93 cb	lda $cb93	Lc38b:	lda data
.c262	3d f5 cc	and $ccf5,x			and data + $162,x
.c265	f0 51		beq $c2b8			beq Lc3e4
.c267	bd f8 cc	lda $ccf8,x			lda data + $165,x
.c26a	85 fb		sta $fb				sta $fb
.c26c	bd a1 cb	lda $cba1,x			lda data + $0e,x
.c26f	18		clc				clc
.c270	7d e4 cb	adc $cbe4,x			adc data + $51,x
.c273	a8		tay				tay
.c274	bd a4 cb	lda $cba4,x			lda data + $11,x
.c277	7d e7 cb	adc $cbe7,x			adc data + $54,x
.c27a	48		pha				pha
.c27b	98		tya				tya
.c27c	18		clc				clc
.c27d	7d 60 cc	adc $cc60,x			adc data + $cd,x
.c280	a0 00		ldy #$00			ldy #$00
.c282	91 fb		sta ($fb),y			sta ($fb),y
.c284	68		pla				pla
.c285	7d 63 cc	adc $cc63,x			adc data + $d0,x
.c288	c8		iny				iny
.c289	91 fb		sta ($fb),y			sta ($fb),y
.c28b	bd a7 cb	lda $cba7,x			lda data + $14,x
.c28e	18		clc				clc
.c28f	7d fc cb	adc $cbfc,x			adc data + $69,x
.c292	85 ff		sta $ff				sta $ff
.c294	bd aa cb	lda $cbaa,x			lda data + $17,x
.c297	7d ff cb	adc $cbff,x			adc data + $6c,x
.c29a	48		pha				pha
.c29b	a5 ff		lda $ff				lda $ff
.c29d	18		clc				clc
.c29e	7d 66 cc	adc $cc66,x			adc data + $d3,x
.c2a1	c8		iny				iny
.c2a2	91 fb		sta ($fb),y			sta ($fb),y
.c2a4	68		pla				pla
.c2a5	7d 69 cc	adc $cc69,x			adc data + $d6,x
.c2a8	c8		iny				iny
.c2a9	91 fb		sta ($fb),y			sta ($fb),y
.c2ab	bd b0 cb	lda $cbb0,x			lda data + $1d,x
.c2ae	c8		iny				iny
.c2af	c8		iny				iny
.c2b0	91 fb		sta ($fb),y			sta ($fb),y
.c2b2	bd b3 cb	lda $cbb3,x			lda data + $20,x
.c2b5	c8		iny				iny
.c2b6	91 fb		sta ($fb),y			sta ($fb),y
.c2b8	e8		inx		Lc3e4:	inx
.c2b9	e0 03		cpx #$03			cpx #$03
.c2bb	d0 a2		bne $c25f			bne Lc38b
.c2bd	ac ad cb	ldy $cbad			ldy data + $1a
.c2c0	ae ae cb	ldx $cbae			ldx data + $1b
.c2c3	ad af cb	lda $cbaf			lda data + $1c
.c2c6	8c 04 d4	sty $d404			sty SID_BASE + $04
.c2c9	8e 0b d4	stx $d40b			stx SID_BASE + $0b
.c2cc	8d 12 d4	sta $d412			sta SID_BASE + $12
.c2cf	ae c0 cb	ldx $cbc0			ldx data + $2d
.c2d2	ac c1 cb	ldy $cbc1			ldy data + $2e
.c2d5	8e 04 dc	stx $dc04			stx CIA1_BASE + $04
.c2d8	8c 05 dc	sty $dc05			sty CIA1_BASE + $05
.c2db	ad 1b d4	lda $d41b			lda SID_BASE + $1b
.c2de	8d 51 cc	sta $cc51			sta data + $be
.c2e1	ad 1c d4	lda $d41c			lda SID_BASE + $1c
.c2e4	8d 52 cc	sta $cc52			sta data + $bf
.c2e7	a2 00		ldx #$00			ldx #$00
.c2e9	ad 93 cb	lda $cb93	Lc415:	lda data
.c2ec	3d f5 cc	and $ccf5,x			and data + $162,x
.c2ef	f0 10		beq $c301			beq Lc42d
.c2f1	8e c2 cb	stx $cbc2			stx data + $2f
.c2f4	20 0a c4	jsr $c40a			jsr Lc536
.c2f7	ad 93 cb	lda $cb93			lda data
.c2fa	29 78		and #$78			and #$78
.c2fc	f0 03		beq $c301			beq Lc42d
.c2fe	4c e0 c3	jmp $c3e0			jmp Lc50c
.c301	e8		inx		Lc42d:	inx
.c302	e0 03		cpx #$03			cpx #$03
.c304	d0 e3		bne $c2e9			bne Lc415
.c306	ad 5c cc	lda $cc5c			lda data + $c9
.c309	d0 52		bne $c35d			bne Lc489
.c30b	ad 5d cc	lda $cc5d			lda data + $ca
.c30e	0d 5e cc	ora $cc5e			ora data + $cb
.c311	f0 78		beq $c38b			beq Lc4b7
.c313	ad 72 cc	lda $cc72			lda data + $df
.c316	d0 28		bne $c340			bne Lc46c
.c318	ad 5d cc	lda $cc5d	Lc444:	lda data + $ca
.c31b	f0 28		beq $c345			beq Lc471
.c31d	18		clc				clc
.c31e	6d 50 cc	adc $cc50			adc data + $bd
.c321	b0 07		bcs $c32a			bcs Lc456
.c323	cd 5f cc	cmp $cc5f			cmp data + $cc
.c326	90 60		bcc $c388			bcc Lc4b4
.c328	f0 5e		beq $c388			beq Lc4b4
.c32a	a9 00		lda #$00	Lc456:	lda #$00
.c32c	8d 72 cc	sta $cc72			sta data + $df
.c32f	ad 5e cc	lda $cc5e			lda data + $cb
.c332	f0 54		beq $c388			beq Lc4b4
.c334	ee 72 cc	inc $cc72			inc data + $df
.c337	ad 50 cc	lda $cc50			lda data + $bd
.c33a	ed 5e cc	sbc $cc5e			sbc data + $cb
.c33d	4c 88 c3	jmp $c388			jmp Lc4b4
.c340	ad 5e cc	lda $cc5e	Lc46c:	lda data + $cb
.c343	f0 d3		beq $c318			beq Lc444
.c345	ad 50 cc	lda $cc50	Lc471:	lda data + $bd
.c348	38		sec				sec
.c349	ed 5e cc	sbc $cc5e			sbc data + $cb
.c34c	b0 3a		bcs $c388			bcs Lc4b4
.c34e	a9 00		lda #$00			lda #$00
.c350	8d 72 cc	sta $cc72			sta data + $df
.c353	ad 5d cc	lda $cc5d			lda data + $ca
.c356	d0 30		bne $c388			bne Lc4b4
.c358	ee 72 cc	inc $cc72			inc data + $df
.c35b	d0 28		bne $c385			bne Lc4b1
.c35d	ce 73 cc	dec $cc73	Lc489:	dec data + $e0
.c360	d0 29		bne $c38b			bne Lc4b7
.c362	ad 72 cc	lda $cc72			lda data + $df
.c365	d0 11		bne $c378			bne Lc4a4
.c367	ee 72 cc	inc $cc72			inc data + $df
.c36a	ad 5e cc	lda $cc5e			lda data + $cb
.c36d	d0 02		bne $c371			bne Lc49d
.c36f	a9 20		lda #$20			lda #$20
.c371	8d 73 cc	sta $cc73	Lc49d:	sta data + $e0
.c374	a9 00		lda #$00			lda #$00
.c376	f0 10		beq $c388			beq Lc4b4
.c378	ce 72 cc	dec $cc72	Lc4a4:	dec data + $df
.c37b	ad 5d cc	lda $cc5d			lda data + $ca
.c37e	d0 02		bne $c382			bne Lc4ae
.c380	a9 20		lda #$20			lda #$20
.c382	8d 73 cc	sta $cc73	Lc4ae:	sta data + $e0
.c385	ad 5f cc	lda $cc5f	Lc4b1:	lda data + $cc
.c388	8d 50 cc	sta $cc50	Lc4b4:	sta data + $bd
.c38b	a2 00		ldx #$00	Lc4b7:	ldx #$00
.c38d	bd 56 cc	lda $cc56,x	Lc4b9:	lda data + $c3,x
.c390	f0 44		beq $c3d6			beq Lc502
.c392	a9 00		lda #$00			lda #$00
.c394	85 ff		sta $ff				sta $ff
.c396	bc 53 cc	ldy $cc53,x			ldy data + $c0,x
.c399	b9 50 cc	lda $cc50,y			lda data + $bd,y
.c39c	bc 59 cc	ldy $cc59,x			ldy data + $c6,x
.c39f	f0 0e		beq $c3af			beq Lc4db
.c3a1	30 08		bmi $c3ab			bmi Lc4d7
.c3a3	0a		asl a		Lc4cf:	asl a
.c3a4	26 ff		rol $ff				rol $ff
.c3a6	88		dey				dey
.c3a7	d0 fa		bne $c3a3			bne Lc4cf
.c3a9	f0 04		beq $c3af			beq Lc4db
.c3ab	4a		lsr a		Lc4d7:	lsr a
.c3ac	c8		iny				iny
.c3ad	d0 fc		bne $c3ab			bne Lc4d7
.c3af	bc 56 cc	ldy $cc56,x	Lc4db:	ldy data + $c3,x
.c3b2	88		dey				dey
.c3b3	d0 0b		bne $c3c0			bne Lc4ec
.c3b5	9d 60 cc	sta $cc60,x			sta data + $cd,x
.c3b8	a5 ff		lda $ff				lda $ff
.c3ba	9d 63 cc	sta $cc63,x			sta data + $d0,x
.c3bd	4c d6 c3	jmp $c3d6			jmp Lc502
.c3c0	88		dey		Lc4ec:	dey
.c3c1	d0 05		bne $c3c8			bne Lc4fa
.c3c3	9d 66 cc	sta $cc66,x			sta data + $d3,x
.c3c6	a5 ff		lda $ff				lda $ff
.c3c8	9d 69 cc	sta $cc69,x	Lc4fa:	sta data + $d6,x
.c3cb	4c d6 c3	jmp $c3d6			jmp Lc502
.c3ce	8d 6c cc	sta $cc6c			sta data + $d9
.c3d1	a5 ff		lda $ff				lda $ff
.c3d3	8d 6f cc	sta $cc6f			sta data + $dc
.c3d6	e8		inx		Lc502:	inx
.c3d7	e0 03		cpx #$03			cpx #$03
.c3d9	d0 b2		bne $c38d			bne Lc4b9
.c3db	ad 93 cb	lda $cb93			lda data
.c3de	29 7f		and #$7f			and #$7f
.c3e0	8d 93 cb	sta $cb93	Lc50c:	sta data
.c3e3	ad e9 cc	lda $cce9			lda data + $156
.c3e6	85 fb		sta $fb				sta $fb
.c3e8	ad ea cc	lda $ccea			lda data + $157
.c3eb	85 fc		sta $fc				sta $fc
.c3ed	ad eb cc	lda $cceb			lda data + $158
.c3f0	85 fd		sta $fd				sta $fd
.c3f2	ad ec cc	lda $ccec			lda data + $159
.c3f5	85 fe		sta $fe				sta $fe
.c3f7	ad ed cc	lda $cced			lda data + $15a
.c3fa	85 ff		sta $ff				sta $ff
.c3fc	6c f0 cc	jmp ($ccf0)			jmp (data + $15d)
.c3ff	bd f3 cb	lda $cbf3,x	Lc52b:	lda data + $60,x
.c402	d0 03		bne $c407			bne Lc533
.c404	4c 73 c5	jmp $c573			jmp Lc69f
.c407	4c 8e c4	jmp $c48e	Lc533:	jmp Lc5ba
.c40a	de c3 cb	dec $cbc3,x	Lc536:	dec data + $30,x
.c40d	d0 03		bne $c412			bne Lc53e
.c40f	4c 74 c5	jmp $c574			jmp Lc6a0
.c412	bd c9 cb	lda $cbc9,x	Lc53e:	lda data + $36,x
.c415	30 e8		bmi $c3ff			bmi Lc52b
.c417	d0 1a		bne $c433			bne Lc55f
.c419	bd d2 cb	lda $cbd2,x			lda data + $3f,x
.c41c	f0 05		beq $c423			beq Lc54f
.c41e	de d2 cb	dec $cbd2,x			dec data + $3f,x
.c421	d0 10		bne $c433			bne Lc55f
.c423	bd cc cb	lda $cbcc,x	Lc54f:	lda data + $39,x
.c426	dd c3 cb	cmp $cbc3,x			cmp data + $30,x
.c429	90 08		bcc $c433			bcc Lc55f
.c42b	bd ad cb	lda $cbad,x			lda data + $1a,x
.c42e	29 fe		and #$fe			and #$fe
.c430	9d ad cb	sta $cbad,x			sta data + $1a,x
.c433	bd d5 cb	lda $cbd5,x	Lc55f:	lda data + $42,x
.c436	f0 56		beq $c48e			beq Lc5ba
.c438	0a		asl a				asl a
.c439	bd a1 cb	lda $cba1,x			lda data + $0e,x
.c43c	b0 1d		bcs $c45b			bcs Lc587
.c43e	7d d8 cb	adc $cbd8,x			adc data + $45,x
.c441	9d a1 cb	sta $cba1,x			sta data + $0e,x
.c444	a8		tay				tay
.c445	bd a4 cb	lda $cba4,x			lda data + $11,x
.c448	7d db cb	adc $cbdb,x			adc data + $48,x
.c44b	9d a4 cb	sta $cba4,x			sta data + $11,x
.c44e	48		pha				pha
.c44f	98		tya				tya
.c450	dd 20 cc	cmp $cc20,x			cmp data + $8d,x
.c453	68		pla				pla
.c454	fd 23 cc	sbc $cc23,x			sbc data + $90,x
.c457	b0 1f		bcs $c478			bcs Lc5a4
.c459	90 2e		bcc $c489			bcc Lc5b5
.c45b	fd d8 cb	sbc $cbd8,x	Lc587:	sbc data + $45,x
.c45e	9d a1 cb	sta $cba1,x			sta data + $0e,x
.c461	bd a4 cb	lda $cba4,x			lda data + $11,x
.c464	fd db cb	sbc $cbdb,x			sbc data + $48,x
.c467	9d a4 cb	sta $cba4,x			sta data + $11,x
.c46a	bd 20 cc	lda $cc20,x			lda data + $8d,x
.c46d	dd a1 cb	cmp $cba1,x			cmp data + $0e,x
.c470	bd 23 cc	lda $cc23,x			lda data + $90,x
.c473	fd a4 cb	sbc $cba4,x			sbc data + $11,x
.c476	90 11		bcc $c489			bcc Lc5b5
.c478	bd 20 cc	lda $cc20,x	Lc5a4:	lda data + $8d,x
.c47b	9d a1 cb	sta $cba1,x			sta data + $0e,x
.c47e	bd 23 cc	lda $cc23,x			lda data + $90,x
.c481	9d a4 cb	sta $cba4,x			sta data + $11,x
.c484	a9 00		lda #$00			lda #$00
.c486	9d d5 cb	sta $cbd5,x			sta data + $42,x
.c489	bd f3 cb	lda $cbf3,x	Lc5b5:	lda data + $60,x
.c48c	f0 55		beq $c4e3			beq Lc60f
.c48e	bd de cb	lda $cbde,x	Lc5ba:	lda data + $4b,x
.c491	f0 4b		beq $c4de			beq Lc60a
.c493	a0 00		ldy #$00			ldy #$00
.c495	de e1 cb	dec $cbe1,x			dec data + $4e,x
.c498	d0 31		bne $c4cb			bne Lc5f7
.c49a	bd e4 cb	lda $cbe4,x			lda data + $51,x
.c49d	1d e7 cb	ora $cbe7,x			ora data + $54,x
.c4a0	d0 1b		bne $c4bd			bne Lc5e9
.c4a2	bd f0 cb	lda $cbf0,x			lda data + $5d,x
.c4a5	9d ea cb	sta $cbea,x			sta data + $57,x
.c4a8	9d e1 cb	sta $cbe1,x			sta data + $4e,x
.c4ab	bd de cb	lda $cbde,x			lda data + $4b,x
.c4ae	0a		asl a				asl a
.c4af	bd ed cb	lda $cbed,x			lda data + $5a,x
.c4b2	90 04		bcc $c4b8			bcc Lc5e4
.c4b4	49 ff		eor #$ff			eor #$ff
.c4b6	69 00		adc #$00			adc #$00
.c4b8	9d de cb	sta $cbde,x	Lc5e4:	sta data + $4b,x
.c4bb	d0 10		bne $c4cd			bne Lc5f9
.c4bd	bd ea cb	lda $cbea,x	Lc5e9:	lda data + $57,x
.c4c0	9d e1 cb	sta $cbe1,x			sta data + $4e,x
.c4c3	98		tya				tya
.c4c4	38		sec				sec
.c4c5	fd de cb	sbc $cbde,x			sbc data + $4b,x
.c4c8	9d de cb	sta $cbde,x			sta data + $4b,x
.c4cb	c9 00		cmp #$00	Lc5f7:	cmp #$00
.c4cd	10 01		bpl $c4d0	Lc5f9:	bpl Lc5fc
.c4cf	88		dey				dey
.c4d0	18		clc		Lc5fc:	clc
.c4d1	7d e4 cb	adc $cbe4,x			adc data + $51,x
.c4d4	9d e4 cb	sta $cbe4,x			sta data + $51,x
.c4d7	98		tya				tya
.c4d8	7d e7 cb	adc $cbe7,x			adc data + $54,x
.c4db	9d e7 cb	sta $cbe7,x			sta data + $54,x
.c4de	bd c9 cb	lda $cbc9,x	Lc60a:	lda data + $36,x
.c4e1	30 15		bmi $c4f8			bmi Lc624
.c4e3	bd 26 cc	lda $cc26,x	Lc60f:	lda data + $93,x
.c4e6	f0 10		beq $c4f8			beq Lc624
.c4e8	18		clc				clc
.c4e9	7d a7 cb	adc $cba7,x			adc data + $14,x
.c4ec	9d a7 cb	sta $cba7,x			sta data + $14,x
.c4ef	bd 29 cc	lda $cc29,x			lda data + $96,x
.c4f2	7d aa cb	adc $cbaa,x			adc data + $17,x
.c4f5	9d aa cb	sta $cbaa,x			sta data + $17,x
.c4f8	bd f6 cb	lda $cbf6,x	Lc624:	lda data + $63,x
.c4fb	f0 4b		beq $c548			beq Lc674
.c4fd	a0 00		ldy #$00			ldy #$00
.c4ff	de f9 cb	dec $cbf9,x			dec data + $66,x
.c502	d0 31		bne $c535			bne Lc661
.c504	bd fc cb	lda $cbfc,x			lda data + $69,x
.c507	1d ff cb	ora $cbff,x			ora data + $6c,x
.c50a	d0 1b		bne $c527			bne Lc653
.c50c	bd 05 cc	lda $cc05,x			lda data + $72,x
.c50f	9d 02 cc	sta $cc02,x			sta data + $6f,x
.c512	9d f9 cb	sta $cbf9,x			sta data + $66,x
.c515	bd f6 cb	lda $cbf6,x			lda data + $63,x
.c518	0a		asl a				asl a
.c519	bd 08 cc	lda $cc08,x			lda data + $75,x
.c51c	90 04		bcc $c522			bcc Lc64e
.c51e	49 ff		eor #$ff			eor #$ff
.c520	69 00		adc #$00			adc #$00
.c522	9d f6 cb	sta $cbf6,x	Lc64e:	sta data + $63,x
.c525	d0 10		bne $c537			bne Lc663
.c527	bd 02 cc	lda $cc02,x	Lc653:	lda data + $6f,x
.c52a	9d f9 cb	sta $cbf9,x			sta data + $66,x
.c52d	98		tya				tya
.c52e	38		sec				sec
.c52f	fd f6 cb	sbc $cbf6,x			sbc data + $63,x
.c532	9d f6 cb	sta $cbf6,x			sta data + $63,x
.c535	c9 00		cmp #$00	Lc661:	cmp #$00
.c537	10 01		bpl $c53a	Lc663:	bpl Lc666
.c539	88		dey				dey
.c53a	18		clc		Lc666:	clc
.c53b	7d fc cb	adc $cbfc,x			adc data + $69,x
.c53e	9d fc cb	sta $cbfc,x			sta data + $69,x
.c541	98		tya				tya
.c542	7d ff cb	adc $cbff,x			adc data + $6c,x
.c545	9d ff cb	sta $cbff,x			sta data + $6c,x
.c548	bd c9 cb	lda $cbc9,x	Lc674:	lda data + $36,x
.c54b	10 03		bpl $c550			bpl Lc67c
.c54d	4c 73 c5	jmp $c573			jmp Lc69f
.c550	a0 00		ldy #$00	Lc67c:	ldy #$00
.c552	bd 35 cc	lda $cc35,x			lda data + $a2,x
.c555	f0 1c		beq $c573			beq Lc69f
.c557	10 01		bpl $c55a			bpl Lc686
.c559	c8		iny				iny
.c55a	18		clc		Lc686:	clc
.c55b	6d b6 cb	adc $cbb6			adc data + $23
.c55e	48		pha				pha
.c55f	29 07		and #$07			and #$07
.c561	8d b6 cb	sta $cbb6			sta data + $23
.c564	68		pla				pla
.c565	6a		ror a				ror a
.c566	4a		lsr a				lsr a
.c567	4a		lsr a				lsr a
.c568	18		clc				clc
.c569	79 39 cd	adc $cd39,y			adc data + $1a6,y
.c56c	18		clc				clc
.c56d	6d b7 cb	adc $cbb7			adc data + $24
.c570	8d b7 cb	sta $cbb7			sta data + $24
.c573	60		rts		Lc69f:	rts
.c574	bd 3b cc	lda $cc3b,x	Lc6a0:	lda data + $a8,x
.c577	85 fd		sta $fd				sta $fd
.c579	bd 3e cc	lda $cc3e,x			lda data + $ab,x
.c57c	85 fe		sta $fe				sta $fe
.c57e	d0 04		bne $c584			bne Lc6b0
.c580	60		rts		Lc6ac:	rts
.c581	20 6c c7	jsr $c76c	Lc6ad:	jsr Lc898
.c584	ad 93 cb	lda $cb93	Lc6b0:	lda data
.c587	3d f5 cc	and $ccf5,x			and data + $162,x
.c58a	f0 f4		beq $c580			beq Lc6ac
.c58c	a0 00		ldy #$00			ldy #$00
.c58e	b1 fd		lda ($fd),y			lda ($fd),y
.c590	85 ff		sta $ff				sta $ff
.c592	c8		iny				iny
.c593	b1 fd		lda ($fd),y			lda ($fd),y
.c595	a8		tay				tay
.c596	a5 fd		lda $fd				lda $fd
.c598	18		clc				clc
.c599	69 02		adc #$02			adc #$02
.c59b	85 fd		sta $fd				sta $fd
.c59d	9d 3b cc	sta $cc3b,x			sta data + $a8,x
.c5a0	a5 fe		lda $fe				lda $fe
.c5a2	69 00		adc #$00			adc #$00
.c5a4	85 fe		sta $fe				sta $fe
.c5a6	9d 3e cc	sta $cc3e,x			sta data + $ab,x
.c5a9	a5 ff		lda $ff				lda $ff
.c5ab	29 03		and #$03			and #$03
.c5ad	d0 d2		bne $c581			bne Lc6ad
.c5af	bd 20 cc	lda $cc20,x			lda data + $8d,x
.c5b2	9d a1 cb	sta $cba1,x			sta data + $0e,x
.c5b5	bd 23 cc	lda $cc23,x			lda data + $90,x
.c5b8	9d a4 cb	sta $cba4,x			sta data + $11,x
.c5bb	a5 ff		lda $ff				lda $ff
.c5bd	9d 98 cb	sta $cb98,x			sta data + $05,x
.c5c0	98		tya				tya
.c5c1	9d 95 cb	sta $cb95,x			sta data + $02,x
.c5c4	29 07		and #$07			and #$07
.c5c6	a8		tay				tay
.c5c7	b9 fa cc	lda $ccfa,y			lda data + $167,y
.c5ca	8d 02 cd	sta $cd02			sta data + $16f
.c5cd	bd 95 cb	lda $cb95,x			lda data + $02,x
.c5d0	29 38		and #$38			and #$38
.c5d2	4a		lsr a				lsr a
.c5d3	4a		lsr a				lsr a
.c5d4	4a		lsr a				lsr a
.c5d5	7d 14 cc	adc $cc14,x			adc data + $81,x
.c5d8	85 fd		sta $fd				sta $fd
.c5da	bd 95 cb	lda $cb95,x			lda data + $02,x
.c5dd	29 c0		and #$c0			and #$c0
.c5df	0a		asl a				asl a
.c5e0	2a		rol a				rol a
.c5e1	2a		rol a				rol a
.c5e2	a8		tay				tay
.c5e3	b9 02 cd	lda $cd02,y			lda data + $16f,y
.c5e6	85 fe		sta $fe				sta $fe
.c5e8	bd 95 cb	lda $cb95,x			lda data + $02,x
.c5eb	29 07		and #$07			and #$07
.c5ed	f0 62		beq $c651			beq Lc77d
.c5ef	a8		tay				tay
.c5f0	b9 05 cd	lda $cd05,y			lda data + $172,y
.c5f3	65 fe		adc $fe				adc $fe
.c5f5	18		clc				clc
.c5f6	7d 17 cc	adc $cc17,x			adc data + $84,x
.c5f9	10 05		bpl $c600			bpl Lc72c
.c5fb	18		clc				clc
.c5fc	69 0c		adc #$0c			adc #$0c
.c5fe	e6 fd		inc $fd				inc $fd
.c600	c9 0c		cmp #$0c	Lc72c:	cmp #$0c
.c602	90 04		bcc $c608			bcc Lc734
.c604	e9 0c		sbc #$0c			sbc #$0c
.c606	c6 fd		dec $fd				dec $fd
.c608	85 fe		sta $fe		Lc734:	sta $fe
.c60a	a8		tay				tay
.c60b	b9 19 cd	lda $cd19,y			lda data + $186,y
.c60e	85 ff		sta $ff				sta $ff
.c610	b9 0d cd	lda $cd0d,y			lda data + $17a,y
.c613	a4 fd		ldy $fd				ldy $fd
.c615	88		dey				dey
.c616	30 06		bmi $c61e			bmi Lc74a
.c618	46 ff		lsr $ff		Lc744:	lsr $ff
.c61a	6a		ror a				ror a
.c61b	88		dey				dey
.c61c	10 fa		bpl $c618			bpl Lc744
.c61e	18		clc		Lc74a:	clc
.c61f	7d 1a cc	adc $cc1a,x			adc data + $87,x
.c622	9d 20 cc	sta $cc20,x			sta data + $8d,x
.c625	a5 ff		lda $ff				lda $ff
.c627	7d 1d cc	adc $cc1d,x			adc data + $8a,x
.c62a	9d 23 cc	sta $cc23,x			sta data + $90,x
.c62d	bd 98 cb	lda $cb98,x			lda data + $05,x
.c630	d0 03		bne $c635			bne Lc761
.c632	4c 74 c5	jmp $c574			jmp Lc6a0
.c635	bd d8 cb	lda $cbd8,x	Lc761:	lda data + $45,x
.c638	1d db cb	ora $cbdb,x			ora data + $48,x
.c63b	f0 16		beq $c653			beq Lc77f
.c63d	bd a1 cb	lda $cba1,x			lda data + $0e,x
.c640	dd 20 cc	cmp $cc20,x			cmp data + $8d,x
.c643	bd a4 cb	lda $cba4,x			lda data + $11,x
.c646	fd 23 cc	sbc $cc23,x			sbc data + $90,x
.c649	a9 fe		lda #$fe			lda #$fe
.c64b	6a		ror a				ror a
.c64c	9d d5 cb	sta $cbd5,x			sta data + $42,x
.c64f	90 11		bcc $c662			bcc Lc78e
.c651	f0 4a		beq $c69d	Lc77d:	beq Lc7c9
.c653	9d d5 cb	sta $cbd5,x	Lc77f:	sta data + $42,x
.c656	bd 20 cc	lda $cc20,x			lda data + $8d,x
.c659	9d a1 cb	sta $cba1,x			sta data + $0e,x
.c65c	bd 23 cc	lda $cc23,x			lda data + $90,x
.c65f	9d a4 cb	sta $cba4,x			sta data + $11,x
.c662	bd c9 cb	lda $cbc9,x	Lc78e:	lda data + $36,x
.c665	0a		asl a				asl a
.c666	d0 35		bne $c69d			bne Lc7c9
.c668	bd 26 cc	lda $cc26,x			lda data + $93,x
.c66b	f0 0c		beq $c679			beq Lc7a5
.c66d	bd 2c cc	lda $cc2c,x			lda data + $99,x
.c670	9d a7 cb	sta $cba7,x			sta data + $14,x
.c673	bd 2f cc	lda $cc2f,x			lda data + $9c,x
.c676	9d aa cb	sta $cbaa,x			sta data + $17,x
.c679	bd 32 cc	lda $cc32,x	Lc7a5:	lda data + $9f,x
.c67c	f0 0f		beq $c68d			beq Lc7b9
.c67e	a4 fd		ldy $fd				ldy $fd
.c680	18		clc				clc
.c681	79 25 cd	adc $cd25,y			adc data + $192,y
.c684	a4 fe		ldy $fe				ldy $fe
.c686	18		clc				clc
.c687	79 2d cd	adc $cd2d,y			adc data + $19a,y
.c68a	18		clc				clc
.c68b	90 08		bcc $c695			bcc Lc7c1
.c68d	bd 35 cc	lda $cc35,x	Lc7b9:	lda data + $a2,x
.c690	f0 0b		beq $c69d			beq Lc7c9
.c692	bd 38 cc	lda $cc38,x			lda data + $a5,x
.c695	8d b7 cb	sta $cbb7	Lc7c1:	sta data + $24
.c698	a9 00		lda #$00			lda #$00
.c69a	8d b6 cb	sta $cbb6			sta data + $23
.c69d	bd cf cb	lda $cbcf,x	Lc7c9:	lda data + $3c,x
.c6a0	9d d2 cb	sta $cbd2,x			sta data + $3f,x
.c6a3	bd 98 cb	lda $cb98,x			lda data + $05,x
.c6a6	29 40		and #$40			and #$40
.c6a8	9d c9 cb	sta $cbc9,x			sta data + $36,x
.c6ab	bd 98 cb	lda $cb98,x			lda data + $05,x
.c6ae	4a		lsr a				lsr a
.c6af	4a		lsr a				lsr a
.c6b0	29 07		and #$07			and #$07
.c6b2	d0 30		bne $c6e4			bne Lc810
.c6b4	bd 98 cb	lda $cb98,x			lda data + $05,x
.c6b7	30 14		bmi $c6cd			bmi Lc7f9
.c6b9	ad ba cb	lda $cbba			lda data + $27
.c6bc	29 3c		and #$3c			and #$3c
.c6be	d0 1e		bne $c6de			bne Lc80a
.c6c0	ad ba cb	lda $cbba			lda data + $27
.c6c3	0a		asl a				asl a
.c6c4	2a		rol a				rol a
.c6c5	2a		rol a				rol a
.c6c6	d0 02		bne $c6ca			bne Lc7f6
.c6c8	a9 04		lda #$04			lda #$04
.c6ca	4c 44 c7	jmp $c744	Lc7f6:	jmp Lc870
.c6cd	ad bb cb	lda $cbbb	Lc7f9:	lda data + $28
.c6d0	f0 0c		beq $c6de			beq Lc80a
.c6d2	29 3f		and #$3f			and #$3f
.c6d4	d0 08		bne $c6de			bne Lc80a
.c6d6	ad bb cb	lda $cbbb			lda data + $28
.c6d9	0a		asl a				asl a
.c6da	2a		rol a				rol a
.c6db	2a		rol a				rol a
.c6dc	d0 66		bne $c744			bne Lc870
.c6de	a9 10		lda #$10	Lc80a:	lda #$10
.c6e0	8d 93 cb	sta $cb93			sta data
.c6e3	60		rts				rts
.c6e4	c9 01		cmp #$01	Lc810:	cmp #$01
.c6e6	d0 13		bne $c6fb			bne Lc827
.c6e8	bd 98 cb	lda $cb98,x			lda data + $05,x
.c6eb	29 20		and #$20			and #$20
.c6ed	d0 06		bne $c6f5			bne Lc821
.c6ef	ad bc cb	lda $cbbc			lda data + $29
.c6f2	4c 44 c7	jmp $c744			jmp Lc870
.c6f5	bd bd cb	lda $cbbd,x	Lc821:	lda data + $2a,x
.c6f8	4c 44 c7	jmp $c744			jmp Lc870
.c6fb	a8		tay		Lc827:	tay
.c6fc	bd 98 cb	lda $cb98,x			lda data + $05,x
.c6ff	29 a0		and #$a0			and #$a0
.c701	c9 80		cmp #$80			cmp #$80
.c703	f0 30		beq $c735			beq Lc861
.c705	85 ff		sta $ff				sta $ff
.c707	18		clc				clc
.c708	ad ba cb	lda $cbba			lda data + $27
.c70b	d0 01		bne $c70e			bne Lc83a
.c70d	38		sec				sec
.c70e	88		dey		Lc83a:	dey
.c70f	88		dey				dey
.c710	f0 06		beq $c718			beq Lc844
.c712	6a		ror a		Lc83e:	ror a
.c713	b0 4e		bcs $c763			bcs Lc88f
.c715	88		dey				dey
.c716	d0 fa		bne $c712			bne Lc83e
.c718	a4 ff		ldy $ff		Lc844:	ldy $ff
.c71a	85 ff		sta $ff				sta $ff
.c71c	f0 26		beq $c744			beq Lc870
.c71e	46 ff		lsr $ff				lsr $ff
.c720	b0 41		bcs $c763			bcs Lc88f
.c722	f0 42		beq $c766			beq Lc892
.c724	65 ff		adc $ff				adc $ff
.c726	b0 3e		bcs $c766			bcs Lc892
.c728	c8		iny				iny
.c729	10 19		bpl $c744			bpl Lc870
.c72b	46 ff		lsr $ff				lsr $ff
.c72d	b0 34		bcs $c763			bcs Lc88f
.c72f	65 ff		adc $ff				adc $ff
.c731	90 11		bcc $c744			bcc Lc870
.c733	b0 31		bcs $c766			bcs Lc892
.c735	ad bb cb	lda $cbbb	Lc861:	lda data + $28
.c738	f0 29		beq $c763			beq Lc88f
.c73a	88		dey				dey
.c73b	88		dey				dey
.c73c	f0 06		beq $c744			beq Lc870
.c73e	4a		lsr a		Lc86a:	lsr a
.c73f	b0 22		bcs $c763			bcs Lc88f
.c741	88		dey				dey
.c742	d0 fa		bne $c73e			bne Lc86a
.c744	9d c3 cb	sta $cbc3,x	Lc870:	sta data + $30,x
.c747	bd ad cb	lda $cbad,x			lda data + $1a,x
.c74a	29 f6		and #$f6			and #$f6
.c74c	9d ad cb	sta $cbad,x			sta data + $1a,x
.c74f	38		sec				sec
.c750	bd 95 cb	lda $cb95,x			lda data + $02,x
.c753	29 07		and #$07			and #$07
.c755	d0 03		bne $c75a			bne Lc886
.c757	7e c9 cb	ror $cbc9,x			ror data + $36,x
.c75a	bd ad cb	lda $cbad,x	Lc886:	lda data + $1a,x
.c75d	69 00		adc #$00			adc #$00
.c75f	9d ad cb	sta $cbad,x			sta data + $1a,x
.c762	60		rts				rts
.c763	a9 10		lda #$10	Lc88f:	lda #$10
>c765	2c						.byte $2C
.c766	a9 18		lda #$18	Lc892:	lda #$18
.c768	8d 93 cb	sta $cb93			sta data
.c76b	60		rts				rts
.c76c	98		tya		Lc898:	tya
.c76d	48		pha				pha
.c76e	a5 ff		lda $ff				lda $ff
.c770	4a		lsr a				lsr a
.c771	90 03		bcc $c776			bcc Lc8a2
.c773	4c 16 c9	jmp $c916			jmp Lca42
.c776	4a		lsr a		Lc8a2:	lsr a
.c777	4a		lsr a				lsr a
.c778	b0 1e		bcs $c798			bcs Lc8c4
.c77a	4a		lsr a				lsr a
.c77b	b0 0e		bcs $c78b			bcs Lc8b7
.c77d	9d 2f cc	sta $cc2f,x			sta data + $9c,x
.c780	9d aa cb	sta $cbaa,x			sta data + $17,x
.c783	68		pla				pla
.c784	9d 2c cc	sta $cc2c,x			sta data + $99,x
.c787	9d a7 cb	sta $cba7,x			sta data + $14,x
.c78a	60		rts				rts
.c78b	4a		lsr a		Lc8b7:	lsr a
.c78c	90 02		bcc $c790			bcc Lc8bc
.c78e	09 f8		ora #$f8			ora #$f8
.c790	9d 1d cc	sta $cc1d,x	Lc8bc:	sta data + $8a,x
.c793	68		pla				pla
.c794	9d 1a cc	sta $cc1a,x			sta data + $87,x
.c797	60		rts				rts
.c798	4a		lsr a		Lc8c4:	lsr a
.c799	b0 03		bcs $c79e			bcs Lc8ca
.c79b	4c 1e c8	jmp $c81e			jmp Lc94a
.c79e	4a		lsr a		Lc8ca:	lsr a
.c79f	b0 61		bcs $c802			bcs Lc92e
.c7a1	4a		lsr a				lsr a
.c7a2	b0 0f		bcs $c7b3			bcs Lc8df
.c7a4	d0 08		bne $c7ae			bne Lc8da
.c7a6	68		pla				pla
.c7a7	9d 38 cc	sta $cc38,x			sta data + $a5,x
.c7aa	8d b7 cb	sta $cbb7			sta data + $24
.c7ad	60		rts				rts
.c7ae	68		pla		Lc8da:	pla
.c7af	9d cf cb	sta $cbcf,x			sta data + $3c,x
.c7b2	60		rts				rts
.c7b3	d0 48		bne $c7fd	Lc8df:	bne Lc929
.c7b5	68		pla				pla
.c7b6	9d 11 cc	sta $cc11,x			sta data + $7e,x
.c7b9	c9 5b		cmp #$5b			cmp #$5b
.c7bb	f0 33		beq $c7f0			beq Lc91c
.c7bd	a8		tay				tay
.c7be	4a		lsr a				lsr a
.c7bf	4a		lsr a				lsr a
.c7c0	4a		lsr a				lsr a
.c7c1	38		sec				sec
.c7c2	e9 0b		sbc #$0b			sbc #$0b
.c7c4	18		clc				clc
.c7c5	7d 17 cc	adc $cc17,x			adc data + $84,x
.c7c8	30 0c		bmi $c7d6			bmi Lc902
.c7ca	c9 0c		cmp #$0c			cmp #$0c
.c7cc	90 11		bcc $c7df			bcc Lc90b
.c7ce	e9 0c		sbc #$0c			sbc #$0c
.c7d0	de 14 cc	dec $cc14,x			dec data + $81,x
.c7d3	4c df c7	jmp $c7df			jmp Lc90b
.c7d6	c9 f5		cmp #$f5	Lc902:	cmp #$f5
.c7d8	b0 05		bcs $c7df			bcs Lc90b
.c7da	69 0c		adc #$0c			adc #$0c
.c7dc	fe 14 cc	inc $cc14,x			inc data + $81,x
.c7df	9d 17 cc	sta $cc17,x	Lc90b:	sta data + $84,x
.c7e2	98		tya				tya
.c7e3	29 07		and #$07			and #$07
.c7e5	38		sec				sec
.c7e6	e9 03		sbc #$03			sbc #$03
.c7e8	18		clc				clc
.c7e9	7d 14 cc	adc $cc14,x			adc data + $81,x
.c7ec	9d 14 cc	sta $cc14,x			sta data + $81,x
.c7ef	60		rts				rts
.c7f0	bd 0b cc	lda $cc0b,x	Lc91c:	lda data + $78,x
.c7f3	9d 14 cc	sta $cc14,x			sta data + $81,x
.c7f6	bd 0e cc	lda $cc0e,x			lda data + $7b,x
.c7f9	9d 17 cc	sta $cc17,x			sta data + $84,x
.c7fc	60		rts				rts
.c7fd	68		pla		Lc929:	pla
.c7fe	9d 59 cc	sta $cc59,x			sta data + $c6,x
.c801	60		rts				rts
.c802	4a		lsr a		Lc92e:	lsr a
.c803	b0 08		bcs $c80d			bcs Lc939
.c805	9d 9e cb	sta $cb9e,x			sta data + $0b,x
.c808	68		pla				pla
.c809	9d 9b cb	sta $cb9b,x			sta data + $08,x
.c80c	60		rts				rts
.c80d	4a		lsr a		Lc939:	lsr a
.c80e	6a		ror a				ror a
.c80f	6a		ror a				ror a
.c810	6d ee cc	adc $ccee			adc data + $15b
.c813	8d c0 cb	sta $cbc0			sta data + $2d
.c816	68		pla				pla
.c817	6d ef cc	adc $ccef			adc data + $15c
.c81a	8d c1 cb	sta $cbc1			sta data + $2e
.c81d	60		rts				rts
.c81e	4a		lsr a		Lc94a:	lsr a
.c81f	90 03		bcc $c824			bcc Lc950
.c821	4c a7 c8	jmp $c8a7			jmp Lc9d3
.c824	4a		lsr a		Lc950:	lsr a
.c825	b0 40		bcs $c867			bcs Lc993
.c827	4a		lsr a				lsr a
.c828	b0 17		bcs $c841			bcs Lc96d
.c82a	4a		lsr a				lsr a
.c82b	b0 0f		bcs $c83c			bcs Lc968
.c82d	68		pla				pla
.c82e	8d ba cb	sta $cbba			sta data + $27
.c831	4a		lsr a				lsr a
.c832	4a		lsr a				lsr a
.c833	4a		lsr a				lsr a
.c834	a8		tay				tay
.c835	b9 42 cd	lda $cd42,y			lda data + $1af,y
.c838	8d bb cb	sta $cbbb			sta data + $28
.c83b	60		rts				rts
.c83c					Lc968:
.c83c	68		pla				pla
.c83d	9d f0 cb	sta $cbf0,x			sta data + $5d,x
.c840	60		rts				rts
.c841					Lc96d:
.c841	4a		lsr a				lsr a
.c842	b0 05		bcs $c849			bcs Lc975
.c844	68		pla				pla
.c845	8d 94 cb	sta $cb94			sta data + $01
.c848	60		rts				rts
.c849	68		pla		Lc975:	pla
.c84a	f0 11		beq $c85d			beq Lc989
.c84c	9d 08 cc	sta $cc08,x			sta data + $75,x
.c84f	bc f6 cb	ldy $cbf6,x			ldy data + $63,x
.c852	d0 08		bne $c85c			bne Lc988
.c854	9d f6 cb	sta $cbf6,x			sta data + $63,x
.c857	a9 01		lda #$01			lda #$01
.c859	9d f9 cb	sta $cbf9,x			sta data + $66,x
.c85c	60		rts		Lc988:	rts
.c85d	9d f6 cb	sta $cbf6,x	Lc989:	sta data + $63,x
.c860	9d fc cb	sta $cbfc,x			sta data + $69,x
.c863	9d ff cb	sta $cbff,x			sta data + $6c,x
.c866	60		rts				rts
.c867	4a		lsr a		Lc993:	lsr a
.c868	b0 30		bcs $c89a			bcs Lc9c6
.c86a	4a		lsr a				lsr a
.c86b	b0 05		bcs $c872			bcs Lc99e
.c86d	68		pla				pla
.c86e	9d cc cb	sta $cbcc,x			sta data + $39,x
.c871	60		rts				rts
.c872	68		pla		Lc99e:	pla
.c873	a0 00		ldy #$00			ldy #$00
.c875	4a		lsr a				lsr a
.c876	90 02		bcc $c87a			bcc Lc9a6
.c878	c8		iny				iny
.c879	18		clc				clc
.c87a	48		pha		Lc9a6:	pha
.c87b	29 07		and #$07			and #$07
.c87d	79 3f cd	adc $cd3f,y			adc data + $1ac,y
.c880	9d 0b cc	sta $cc0b,x			sta data + $78,x
.c883	9d 14 cc	sta $cc14,x			sta data + $81,x
.c886	68		pla				pla
.c887	4a		lsr a				lsr a
.c888	4a		lsr a				lsr a
.c889	4a		lsr a				lsr a
.c88a	18		clc				clc
.c88b	79 40 cd	adc $cd40,y			adc data + $1ad,y
.c88e	9d 0e cc	sta $cc0e,x			sta data + $7b,x
.c891	9d 17 cc	sta $cc17,x			sta data + $84,x
.c894	a9 5b		lda #$5b			lda #$5b
.c896	9d 11 cc	sta $cc11,x			sta data + $7e,x
.c899	60		rts				rts
.c89a	4a		lsr a		Lc9c6:	lsr a
.c89b	b0 05		bcs $c8a2			bcs Lc9ce
.c89d	68		pla				pla
.c89e	9d 35 cc	sta $cc35,x			sta data + $a2,x
.c8a1	60		rts				rts
.c8a2	68		pla		Lc9ce:	pla
.c8a3	8d 5f cc	sta $cc5f			sta data + $cc
.c8a6	60		rts				rts
.c8a7	4a		lsr a		Lc9d3:	lsr a
.c8a8	b0 27		bcs $c8d1			bcs Lc9fd
.c8aa	4a		lsr a				lsr a
.c8ab	b0 0d		bcs $c8ba			bcs Lc9e6
.c8ad	4a		lsr a				lsr a
.c8ae	b0 05		bcs $c8b5			bcs Lc9e1
.c8b0	68		pla				pla
.c8b1	8d bc cb	sta $cbbc			sta data + $29
.c8b4	60		rts				rts
.c8b5	68		pla		Lc9e1:	pla
.c8b6	9d 32 cc	sta $cc32,x			sta data + $9f,x
.c8b9	60		rts				rts
.c8ba	4a		lsr a		Lc9e6:	lsr a
.c8bb	b0 0f		bcs $c8cc			bcs Lc9f8
.c8bd	68		pla				pla
.c8be	9d 26 cc	sta $cc26,x			sta data + $93,x
.c8c1	a0 00		ldy #$00			ldy #$00
.c8c3	0a		asl a				asl a
.c8c4	90 01		bcc $c8c7			bcc Lc9f3
.c8c6	88		dey				dey
.c8c7	98		tya		Lc9f3:	tya
.c8c8	9d 29 cc	sta $cc29,x			sta data + $96,x
.c8cb	60		rts				rts
.c8cc	68		pla		Lc9f8:	pla
.c8cd	9d 05 cc	sta $cc05,x			sta data + $72,x
.c8d0	60		rts				rts
.c8d1	4a		lsr a		Lc9fd:	lsr a
.c8d2	b0 1c		bcs $c8f0			bcs Lca1c
.c8d4	4a		lsr a				lsr a
.c8d5	b0 15		bcs $c8ec			bcs Lca18
.c8d7	68		pla				pla
.c8d8	9d 4a cc	sta $cc4a,x			sta data + $b7,x
.c8db	a5 fd		lda $fd				lda $fd
.c8dd	9d 44 cc	sta $cc44,x			sta data + $b1,x
.c8e0	a5 fe		lda $fe				lda $fe
.c8e2	9d 47 cc	sta $cc47,x			sta data + $b4,x
.c8e5	bd c6 cb	lda $cbc6,x			lda data + $33,x
.c8e8	9d 41 cc	sta $cc41,x			sta data + $ae,x
.c8eb	60		rts				rts
.c8ec	68		pla		Lca18:	pla
.c8ed	6c f2 cc	jmp ($ccf2)			jmp (data + $15f)
.c8f0	4a		lsr a		Lca1c:	lsr a
.c8f1	b0 1e		bcs $c911			bcs Lca3d
.c8f3	68		pla				pla
.c8f4	d0 0a		bne $c900			bne Lca2c
.c8f6	9d de cb	sta $cbde,x			sta data + $4b,x
.c8f9	9d e4 cb	sta $cbe4,x			sta data + $51,x
.c8fc	9d e7 cb	sta $cbe7,x			sta data + $54,x
.c8ff	60		rts				rts
.c900	9d ed cb	sta $cbed,x	Lca2c:	sta data + $5a,x
.c903	bc de cb	ldy $cbde,x			ldy data + $4b,x
.c906	d0 08		bne $c910			bne Lca3c
.c908	9d de cb	sta $cbde,x			sta data + $4b,x
.c90b	a9 01		lda #$01			lda #$01
.c90d	9d e1 cb	sta $cbe1,x			sta data + $4e,x
.c910	60		rts		Lca3c:	rts
.c911	68		pla		Lca3d:	pla
.c912	9d bd cb	sta $cbbd,x			sta data + $2a,x
.c915	60		rts				rts
.c916	4a		lsr a		Lca42:	lsr a
.c917	90 08		bcc $c921			bcc Lca4d
.c919	9d db cb	sta $cbdb,x			sta data + $48,x
.c91c	68		pla				pla
.c91d	9d d8 cb	sta $cbd8,x			sta data + $45,x
.c920	60		rts				rts
.c921	68		pla		Lca4d:	pla
.c922	4a		lsr a				lsr a
.c923	b0 61		bcs $c986			bcs Lcab2
.c925	4a		lsr a				lsr a
.c926	b0 25		bcs $c94d			bcs Lca79
.c928	4a		lsr a				lsr a
.c929	b0 05		bcs $c930			bcs Lca5c
.c92b	4a		lsr a				lsr a
.c92c	a0 f0		ldy #$f0			ldy #$f0
.c92e	d0 06		bne $c936			bne Lca62
.c930	0a		asl a		Lca5c:	asl a
.c931	0a		asl a				asl a
.c932	0a		asl a				asl a
.c933	0a		asl a				asl a
.c934	a0 0f		ldy #$0f			ldy #$0f
.c936	85 ff		sta $ff		Lca62:	sta $ff
.c938	98		tya				tya
.c939	b0 09		bcs $c944			bcs Lca70
.c93b	3d b0 cb	and $cbb0,x			and data + $1d,x
.c93e	05 ff		ora $ff				ora $ff
.c940	9d b0 cb	sta $cbb0,x			sta data + $1d,x
.c943	60		rts				rts
.c944	3d b3 cb	and $cbb3,x	Lca70:	and data + $20,x
.c947	05 ff		ora $ff				ora $ff
.c949	9d b3 cb	sta $cbb3,x			sta data + $20,x
.c94c	60		rts				rts
.c94d	4a		lsr a		Lca79:	lsr a
.c94e	b0 38		bcs $c988			bcs Lcab4
.c950	4a		lsr a				lsr a
.c951	b0 64		bcs $c9b7			bcs Lcae3
.c953	85 ff		sta $ff		Lca7f:	sta $ff
.c955	bd 4d cc	lda $cc4d,x			lda data + $ba,x
.c958	dd 3c cc	cmp $cc3c,x			cmp data + $a9,x
.c95b	f0 54		beq $c9b1			beq Lcadd
.c95d	fe 4d cc	inc $cc4d,x			inc data + $ba,x
.c960	a8		tay				tay
.c961	a5 fd		lda $fd				lda $fd
.c963	99 74 cc	sta $cc74,y			sta data + $e1,y
.c966	a5 fe		lda $fe				lda $fe
.c968	99 83 cc	sta $cc83,y			sta data + $f0,y
.c96b	bd c6 cb	lda $cbc6,x			lda data + $33,x
.c96e	99 c2 cc	sta $ccc2,y			sta data + $12f,y
.c971	a4 ff		ldy $ff				ldy $ff
.c973	b9 aa cc	lda $ccaa,y			lda data + $117,y
.c976	f0 36		beq $c9ae			beq Lcada
.c978	85 fe		sta $fe				sta $fe
.c97a	b9 92 cc	lda $cc92,y			lda data + $ff,y
.c97d	85 fd		sta $fd				sta $fd
.c97f	b9 d1 cc	lda $ccd1,y			lda data + $13e,y
.c982	9d c6 cb	sta $cbc6,x			sta data + $33,x
.c985	60		rts				rts
.c986	b0 4b		bcs $c9d3	Lcab2:	bcs Lcaff
.c988	4a		lsr a		Lcab4:	lsr a
.c989	b0 3c		bcs $c9c7			bcs Lcaf3
.c98b	a8		tay		Lcab7:	tay
.c98c	a5 fd		lda $fd				lda $fd
.c98e	99 92 cc	sta $cc92,y			sta data + $ff,y
.c991	a5 fe		lda $fe				lda $fe
.c993	99 aa cc	sta $ccaa,y			sta data + $117,y
.c996	bd c6 cb	lda $cbc6,x			lda data + $33,x
.c999	99 d1 cc	sta $ccd1,y			sta data + $13e,y
.c99c	bd 4d cc	lda $cc4d,x			lda data + $ba,x
.c99f	dd 3c cd	cmp $cd3c,x			cmp data + $1a9,x
.c9a2	f0 0d		beq $c9b1			beq Lcadd
.c9a4	fe 4d cc	inc $cc4d,x			inc data + $ba,x
.c9a7	a8		tay				tay
.c9a8	a9 00		lda #$00			lda #$00
.c9aa	99 83 cc	sta $cc83,y			sta data + $f0,y
.c9ad	60		rts				rts
.c9ae	a9 30		lda #$30	Lcada:	lda #$30
>c9b0	2c						.byte $2C
.c9b1	a9 28		lda #$28	Lcadd:	lda #$28
.c9b3	8d 93 cb	sta $cb93			sta data
.c9b6	60		rts				rts
.c9b7	0a		asl a		Lcae3:	asl a
.c9b8	0a		asl a				asl a
.c9b9	0a		asl a				asl a
.c9ba	0a		asl a				asl a
.c9bb	4d b8 cb	eor $cbb8			eor data + $25
.c9be	29 f0		and #$f0			and #$f0
.c9c0	4d b8 cb	eor $cbb8			eor data + $25
.c9c3	8d b8 cb	sta $cbb8			sta data + $25
.c9c6	60		rts				rts
.c9c7	4d b9 cb	eor $cbb9	Lcaf3:	eor data + $26
.c9ca	29 0f		and #$0f			and #$0f
.c9cc	4d b9 cb	eor $cbb9			eor data + $26
.c9cf	8d b9 cb	sta $cbb9			sta data + $26
.c9d2	60		rts				rts
.c9d3	4a		lsr a		Lcaff:	lsr a
.c9d4	b0 0b		bcs $c9e1			bcs Lcb0d
.c9d6	4a		lsr a				lsr a
.c9d7	b0 04		bcs $c9dd			bcs Lcb09
.c9d9	8d 5d cc	sta $cc5d			sta data + $ca
.c9dc	60		rts				rts
.c9dd	8d 5e cc	sta $cc5e	Lcb09:	sta data + $cb
.c9e0	60		rts				rts
.c9e1					Lcb0d:
.c9e1	4a		lsr a				lsr a
.c9e2	90 03		bcc $c9e7			bcc Lcb13
.c9e4	4c 79 ca	jmp $ca79			jmp Lcba5
.c9e7	4a		lsr a		Lcb13:	lsr a
.c9e8	a8		tay				tay
.c9e9	f0 21		beq $ca0c			beq Lcb38
.c9eb	88		dey				dey
.c9ec	f0 34		beq $ca22			beq Lcb4e
.c9ee	88		dey				dey
.c9ef	f0 42		beq $ca33			beq Lcb5f
.c9f1	88		dey				dey
.c9f2	f0 4a		beq $ca3e			beq Lcb6a
.c9f4	88		dey				dey
.c9f5	f0 52		beq $ca49			beq Lcb75
.c9f7	88		dey				dey
.c9f8	f0 5c		beq $ca56			beq Lcb82
.c9fa	88		dey				dey
.c9fb	f0 66		beq $ca63			beq Lcb8f
.c9fd	88		dey				dey
.c9fe	f0 73		beq $ca73			beq Lcb9f
.ca00	29 07		and #$07			and #$07
.ca02	09 10		ora #$10			ora #$10
.ca04	b0 03		bcs $ca09			bcs Lcb35
.ca06	4c 8b c9	jmp $c98b			jmp Lcab7
.ca09	4c 53 c9	jmp $c953	Lcb35:	jmp Lca7f
.ca0c	ac b9 cb	ldy $cbb9	Lcb38:	ldy data + $26
.ca0f	b0 07		bcs $ca18			bcs Lcb44
.ca11	c8		iny				iny
.ca12	98		tya				tya
.ca13	29 0f		and #$0f			and #$0f
.ca15	d0 07		bne $ca1e			bne Lcb4a
.ca17	60		rts				rts
.ca18	98		tya		Lcb44:	tya
.ca19	29 0f		and #$0f			and #$0f
.ca1b	f0 04		beq $ca21			beq Lcb4d
.ca1d	88		dey				dey
.ca1e	8c b9 cb	sty $cbb9	Lcb4a:	sty data + $26
.ca21	60		rts		Lcb4d:	rts
.ca22	bd f5 cc	lda $ccf5,x	Lcb4e:	lda data + $162,x
.ca25	49 ff		eor #$ff			eor #$ff
.ca27	2d b8 cb	and $cbb8			and data + $25
.ca2a	90 03		bcc $ca2f			bcc Lcb5b
.ca2c	1d f5 cc	ora $ccf5,x			ora data + $162,x
.ca2f	8d b8 cb	sta $cbb8	Lcb5b:	sta data + $25
.ca32	60		rts				rts
.ca33	bd ad cb	lda $cbad,x	Lcb5f:	lda data + $1a,x
.ca36	29 fb		and #$fb			and #$fb
.ca38	90 55		bcc $ca8f			bcc Lcbbb
.ca3a	09 04		ora #$04			ora #$04
.ca3c	b0 51		bcs $ca8f			bcs Lcbbb
.ca3e	bd ad cb	lda $cbad,x	Lcb6a:	lda data + $1a,x
.ca41	29 fd		and #$fd			and #$fd
.ca43	90 4a		bcc $ca8f			bcc Lcbbb
.ca45	09 02		ora #$02			ora #$02
.ca47	b0 46		bcs $ca8f			bcs Lcbbb
.ca49	ad b8 cb	lda $cbb8	Lcb75:	lda data + $25
.ca4c	29 f7		and #$f7			and #$f7
.ca4e	90 02		bcc $ca52			bcc Lcb7e
.ca50	09 08		ora #$08			ora #$08
.ca52	8d b8 cb	sta $cbb8	Lcb7e:	sta data + $25
.ca55	60		rts				rts
.ca56	ad b9 cb	lda $cbb9	Lcb82:	lda data + $26
.ca59	29 7f		and #$7f			and #$7f
.ca5b	90 02		bcc $ca5f			bcc Lcb8b
.ca5d	09 80		ora #$80			ora #$80
.ca5f	8d b9 cb	sta $cbb9	Lcb8b:	sta data + $26
.ca62	60		rts				rts
.ca63	98		tya		Lcb8f:	tya
.ca64	8d 50 cc	sta $cc50			sta data + $bd
.ca67	8d 72 cc	sta $cc72			sta data + $df
.ca6a	c8		iny				iny
.ca6b	8c 73 cc	sty $cc73			sty data + $e0
.ca6e	2a		rol a				rol a
.ca6f	8d 5c cc	sta $cc5c			sta data + $c9
.ca72	60		rts				rts
.ca73	98		tya		Lcb9f:	tya
.ca74	2a		rol a				rol a
.ca75	9d f3 cb	sta $cbf3,x			sta data + $60,x
.ca78	60		rts				rts
.ca79	4a		lsr a		Lcba5:	lsr a
.ca7a	b0 27		bcs $caa3			bcs Lcbcf
.ca7c	4a		lsr a				lsr a
.ca7d	b0 14		bcs $ca93			bcs Lcbbf
.ca7f	d0 02		bne $ca83			bne Lcbaf
.ca81	a9 08		lda #$08			lda #$08
.ca83	0a		asl a		Lcbaf:	asl a
.ca84	0a		asl a				asl a
.ca85	0a		asl a				asl a
.ca86	0a		asl a				asl a
.ca87	5d ad cb	eor $cbad,x			eor data + $1a,x
.ca8a	29 f0		and #$f0			and #$f0
.ca8c	5d ad cb	eor $cbad,x			eor data + $1a,x
.ca8f	9d ad cb	sta $cbad,x	Lcbbb:	sta data + $1a,x
.ca92	60		rts				rts
.ca93	0a		asl a		Lcbbf:	asl a
.ca94	0a		asl a				asl a
.ca95	0a		asl a				asl a
.ca96	0a		asl a				asl a
.ca97	4d b9 cb	eor $cbb9			eor data + $26
.ca9a	29 70		and #$70			and #$70
.ca9c	4d b9 cb	eor $cbb9			eor data + $26
.ca9f	8d b9 cb	sta $cbb9			sta data + $26
.caa2	60		rts				rts
.caa3	4a		lsr a		Lcbcf:	lsr a
.caa4	90 04		bcc $caaa			bcc Lcbd6
.caa6	9d 53 cc	sta $cc53,x			sta data + $c0,x
.caa9	60		rts				rts
.caaa	a8		tay		Lcbd6:	tay
.caab	f0 20		beq $cacd			beq Lcbf9
.caad	88		dey				dey
.caae	f0 40		beq $caf0			beq Lcc1c
.cab0	88		dey				dey
.cab1	f0 63		beq $cb16			beq Lcc42
.cab3	29 03		and #$03			and #$03
.cab5	9d 56 cc	sta $cc56,x			sta data + $c3,x
.cab8	a9 00		lda #$00			lda #$00
.caba	9d 60 cc	sta $cc60,x			sta data + $cd,x
.cabd	9d 63 cc	sta $cc63,x			sta data + $d0,x
.cac0	9d 66 cc	sta $cc66,x			sta data + $d3,x
.cac3	9d 69 cc	sta $cc69,x			sta data + $d6,x
.cac6	8d 6c cc	sta $cc6c			sta data + $d9
.cac9	8d 6f cc	sta $cc6f			sta data + $dc
.cacc	60		rts				rts
.cacd	bd 4a cc	lda $cc4a,x	Lcbf9:	lda data + $b7,x
.cad0	f0 05		beq $cad7			beq Lcc03
.cad2	de 4a cc	dec $cc4a,x			dec data + $b7,x
.cad5	f0 12		beq $cae9			beq Lcc15
.cad7	bd c6 cb	lda $cbc6,x	Lcc03:	lda data + $33,x
.cada	dd 41 cc	cmp $cc41,x			cmp data + $ae,x
.cadd	d0 0b		bne $caea			bne Lcc16
.cadf	bd 44 cc	lda $cc44,x			lda data + $b1,x
.cae2	85 fd		sta $fd				sta $fd
.cae4	bd 47 cc	lda $cc47,x			lda data + $b4,x
.cae7	85 fe		sta $fe				sta $fe
.cae9	60		rts		Lcc15:	rts
.caea	a9 38		lda #$38	Lcc16:	lda #$38
.caec	8d 93 cb	sta $cb93			sta data
.caef	60		rts				rts
.caf0	bd 4d cc	lda $cc4d,x	Lcc1c:	lda data + $ba,x
.caf3	dd 3b cd	cmp $cd3b,x			cmp data + $1a8,x
.caf6	f0 18		beq $cb10			beq Lcc3c
.caf8	de 4d cc	dec $cc4d,x			dec data + $ba,x
.cafb	a8		tay				tay
.cafc	88		dey				dey
.cafd	b9 83 cc	lda $cc83,y			lda data + $f0,y
.cb00	f0 0d		beq $cb0f			beq Lcc3b
.cb02	85 fe		sta $fe				sta $fe
.cb04	b9 74 cc	lda $cc74,y			lda data + $e1,y
.cb07	85 fd		sta $fd				sta $fd
.cb09	b9 c2 cc	lda $ccc2,y			lda data + $12f,y
.cb0c	9d c6 cb	sta $cbc6,x			sta data + $33,x
.cb0f	60		rts		Lcc3b:	rts
.cb10	a9 20		lda #$20	Lcc3c:	lda #$20
.cb12	8d 93 cb	sta $cb93			sta data
.cb15	60		rts				rts
.cb16	ad 93 cb	lda $cb93	Lcc42:	lda data
.cb19	5d f5 cc	eor $ccf5,x			eor data + $162,x
.cb1c	8d 93 cb	sta $cb93			sta data
.cb1f	a9 01		lda #$01			lda #$01
.cb21	9d c3 cb	sta $cbc3,x			sta data + $30,x
.cb24	60		rts				rts
.cb25					inittxt:
>cb25	93						.byte $93
>cb26	05 20 20 2a 2a 2a 20 54				.text $05, "  *** the ultimate c-64 mus player ***", $0D
>cb2e	48 45 20 55 4c 54 49 4d 41 54 45 20 43 2d 36 34
>cb3e	20 4d 55 53 20 50 4c 41 59 45 52 20 2a 2a 2a 0d
>cb4e	c3 c3 c3 c3 c3 c3 c3 c3				.fill 40, $C3
>cb56	c3 c3 c3 c3 c3 c3 c3 c3 c3 c3 c3 c3 c3 c3 c3 c3
>cb66	c3 c3 c3 c3 c3 c3 c3 c3 c3 c3 c3 c3 c3 c3 c3 c3
>cb76	0d						.byte $0D
>cb77	9e 54 49 54 4c 45 20 3a				.text $9E, "title :",$9B, " ", $00
>cb7f	9b 20 00
.cb82					endtxt:
>cb82	0d 90						.byte $0D, $90
>cb84	00						.byte $00
.cb85					filename:
>cb85	46 4f 4f 54 4c 4f 4f 53				.text "footloose.mus"
>cb8d	45 2e 4d 55 53
>cb92	00						.byte 0
.cb93					data:
>cb93	00 00 00 00 00 00 00 00		.byte $00, $00, $00, $00, $00, $00, $00, $00, $00, $00, $00, $00, $00, $00, $00, $00
>cb9b	00 00 00 00 00 00 00 00
>cba3	00 00 00 00 00 00 00 00		.byte $00, $00, $00, $00, $00, $00, $00, $00, $00, $00, $00, $00, $00, $00, $00, $00
>cbab	00 00 00 00 00 00 00 00
>cbb3	00 00 00 00 00 00 00 00		.byte $00, $00, $00, $00, $00, $00, $00, $00, $00, $00, $00, $00, $00, $00, $00, $00
>cbbb	00 00 00 00 00 00 00 00
>cbc3	00 00 00 00 00 00 00 00		.byte $00, $00, $00, $00, $00, $00, $00, $00, $00, $00, $00, $00, $00, $00, $00, $00
>cbcb	00 00 00 00 00 00 00 00
>cbd3	00 00 00 00 00 00 00 00		.byte $00, $00, $00, $00, $00, $00, $00, $00, $00, $00, $00, $00, $00, $00, $00, $00
>cbdb	00 00 00 00 00 00 00 00
>cbe3	00 00 00 00 00 00 00 00		.byte $00, $00, $00, $00, $00, $00, $00, $00, $00, $00, $00, $00, $00, $00, $00, $00
>cbeb	00 00 00 00 00 00 00 00
>cbf3	00 00 00 00 00 00 00 00		.byte $00, $00, $00, $00, $00, $00, $00, $00, $00, $00, $00, $00, $00, $00, $00, $00
>cbfb	00 00 00 00 00 00 00 00
>cc03	00 00 00 00 00 00 00 00		.byte $00, $00, $00, $00, $00, $00, $00, $00, $00, $00, $00, $00, $00, $00, $00, $00
>cc0b	00 00 00 00 00 00 00 00
>cc13	00 00 00 00 00 00 00 00		.byte $00, $00, $00, $00, $00, $00, $00, $00, $00, $00, $00, $00, $00, $00, $00, $00
>cc1b	00 00 00 00 00 00 00 00
>cc23	00 00 00 00 00 00 00 00		.byte $00, $00, $00, $00, $00, $00, $00, $00, $00, $00, $00, $00, $00, $00, $00, $00
>cc2b	00 00 00 00 00 00 00 00
>cc33	00 00 00 00 00 00 00 00		.byte $00, $00, $00, $00, $00, $00, $00, $00, $00, $00, $00, $00, $00, $00, $00, $00
>cc3b	00 00 00 00 00 00 00 00
>cc43	00 00 00 00 00 00 00 00		.byte $00, $00, $00, $00, $00, $00, $00, $00, $00, $00, $00, $00, $00, $00, $00, $00
>cc4b	00 00 00 00 00 00 00 00
>cc53	00 00 00 00 00 00 00 00		.byte $00, $00, $00, $00, $00, $00, $00, $00, $00, $00, $00, $00, $00, $00, $00, $00
>cc5b	00 00 00 00 00 00 00 00
>cc63	00 00 00 00 00 00 00 00		.byte $00, $00, $00, $00, $00, $00, $00, $00, $00, $00, $00, $00, $00, $00, $00, $00
>cc6b	00 00 00 00 00 00 00 00
>cc73	00 00 00 00 00 00 00 00		.byte $00, $00, $00, $00, $00, $00, $00, $00, $00, $00, $00, $00, $00, $00, $00, $00
>cc7b	00 00 00 00 00 00 00 00
>cc83	00 00 00 00 00 00 00 00		.byte $00, $00, $00, $00, $00, $00, $00, $00, $00, $00, $00, $00, $00, $00, $00, $00
>cc8b	00 00 00 00 00 00 00 00
>cc93	00 00 00 00 00 00 00 00		.byte $00, $00, $00, $00, $00, $00, $00, $00, $00, $00, $00, $00, $00, $00, $00, $00
>cc9b	00 00 00 00 00 00 00 00
>cca3	00 00 00 00 00 00 00 00		.byte $00, $00, $00, $00, $00, $00, $00, $00, $00, $00, $00, $00, $00, $00, $00, $00
>ccab	00 00 00 00 00 00 00 00
>ccb3	00 00 00 00 00 00 00 00		.byte $00, $00, $00, $00, $00, $00, $00, $00, $00, $00, $00, $00, $00, $00, $00, $00
>ccbb	00 00 00 00 00 00 00 00
>ccc3	00 00 00 00 00 00 00 00		.byte $00, $00, $00, $00, $00, $00, $00, $00, $00, $00, $00, $00, $00, $00, $00, $00
>cccb	00 00 00 00 00 00 00 00
>ccd3	00 00 00 00 00 00 00 00		.byte $00, $00, $00, $00, $00, $00, $00, $00, $00, $00, $00, $00, $00, $00, $00, $00
>ccdb	00 00 00 00 00 00 00 00
>cce3	00 00 00 00 00 00 00 00		.byte $00, $00, $00, $00, $00, $00, $00, $00, $00, $00, $00, $00, $00, $00, $00, $61
>cceb	00 00 00 00 00 00 00 61
>ccf3	c1 60 01 02 04 00 07 0e		.byte $c1, $60, $01, $02, $04, $00, $07, $0e, $02, $02, $fe, $02, $02, $fe, $fe, $00
>ccfb	02 02 fe 02 02 fe fe 00
>cd03	01 00 ff 00 02 04 05 07		.byte $01, $00, $ff, $00, $02, $04, $05, $07, $09, $0b, $1e, $18, $8b, $7e, $fa, $06
>cd0b	09 0b 1e 18 8b 7e fa 06
>cd13	ac f3 e6 8f f8 2e 86 8e		.byte $ac, $f3, $e6, $8f, $f8, $2e, $86, $8e, $96, $9f, $a8, $b3, $bd, $c8, $d4, $e1
>cd1b	96 9f a8 b3 bd c8 d4 e1
>cd23	ee fd 8c 78 64 50 3c 28		.byte $ee, $fd, $8c, $78, $64, $50, $3c, $28, $14, $00, $00, $02, $03, $05, $07, $08
>cd2b	14 00 00 02 03 05 07 08
>cd33	0a 0c 0d 0f 11 12 00 e0		.byte $0a, $0c, $0d, $0f, $11, $12, $00, $e0, $00, $05, $0a, $0f, $f9, $00, $f5, $00
>cd3b	00 05 0a 0f f9 00 f5 00
>cd43	00 00 10 00 00 20 00 00		.byte $00, $00, $10, $00, $00, $20, $00, $00, $30, $00, $00, $40, $00, $00, $50, $00
>cd4b	30 00 00 40 00 00 50 00
>cd53	00 60 00 00 70 00 00 80		.byte $00, $60, $00, $00, $70, $00, $00, $80, $00, $00, $90, $00, $00
>cd5b	00 00 90 00 00

;******  End of listing
